2023-08-01 21:47:29,376 INFO o.h.v.i.u.Version [background-preinit] HV000001: Hibernate Validator 8.0.0.Final
2023-08-01 21:47:29,436 INFO i.b.RestApplication [main] Starting RestApplication using Java 17.0.6 with PID 18572 (E:\IT Bootcamp\Test project\Bootcamp\rest\target\classes started by yasus in E:\IT Bootcamp\Test project\Bootcamp)
2023-08-01 21:47:29,444 INFO i.b.RestApplication [main] No active profile set, falling back to 1 default profile: "default"
2023-08-01 21:47:30,615 INFO o.s.d.r.c.RepositoryConfigurationDelegate [main] Bootstrapping Spring Data JPA repositories in DEFAULT mode.
2023-08-01 21:47:30,708 INFO o.s.d.r.c.RepositoryConfigurationDelegate [main] Finished Spring Data repository scanning in 77 ms. Found 2 JPA repository interfaces.
2023-08-01 21:47:31,324 INFO o.s.b.w.e.t.TomcatWebServer [main] Tomcat initialized with port(s): 8081 (http)
2023-08-01 21:47:31,347 INFO o.a.c.h.Http11NioProtocol [main] Initializing ProtocolHandler ["http-nio-8081"]
2023-08-01 21:47:31,348 INFO o.a.c.c.StandardService [main] Starting service [Tomcat]
2023-08-01 21:47:31,348 INFO o.a.c.c.StandardEngine [main] Starting Servlet engine: [Apache Tomcat/10.1.8]
2023-08-01 21:47:31,483 INFO o.a.c.c.C.[.[.[/] [main] Initializing Spring embedded WebApplicationContext
2023-08-01 21:47:31,483 INFO o.s.b.w.s.c.ServletWebServerApplicationContext [main] Root WebApplicationContext: initialization completed in 1972 ms
2023-08-01 21:47:31,652 INFO c.z.h.HikariDataSource [main] HikariPool-1 - Starting...
2023-08-01 21:47:32,380 INFO c.z.h.p.HikariPool [main] HikariPool-1 - Added connection com.mysql.cj.jdbc.ConnectionImpl@1e92c3b6
2023-08-01 21:47:32,383 INFO c.z.h.HikariDataSource [main] HikariPool-1 - Start completed.
2023-08-01 21:47:32,434 INFO o.h.j.i.u.LogHelper [main] HHH000204: Processing PersistenceUnitInfo [name: default]
2023-08-01 21:47:32,512 INFO o.h.Version [main] HHH000412: Hibernate ORM core version 6.1.7.Final
2023-08-01 21:47:33,003 INFO SQL dialect [main] HHH000400: Using dialect: org.hibernate.dialect.MySQLDialect
2023-08-01 21:47:33,791 INFO o.h.e.t.j.p.i.JtaPlatformInitiator [main] HHH000490: Using JtaPlatform implementation: [org.hibernate.engine.transaction.jta.platform.internal.NoJtaPlatform]
2023-08-01 21:47:33,803 INFO o.s.o.j.LocalContainerEntityManagerFactoryBean [main] Initialized JPA EntityManagerFactory for persistence unit 'default'
2023-08-01 21:47:34,068 WARN o.s.c.LocalVariableTableParameterNameDiscoverer [main] Using deprecated '-debug' fallback for parameter name resolution. Compile the affected code with '-parameters' instead or avoid its introspection: it.bootcamp.repository.UserRepository
2023-08-01 21:47:34,207 WARN o.s.c.LocalVariableTableParameterNameDiscoverer [main] Using deprecated '-debug' fallback for parameter name resolution. Compile the affected code with '-parameters' instead or avoid its introspection: it.bootcamp.repository.RoleRepository
2023-08-01 21:47:34,353 WARN o.s.b.a.o.j.JpaBaseConfiguration$JpaWebConfiguration [main] spring.jpa.open-in-view is enabled by default. Therefore, database queries may be performed during view rendering. Explicitly configure spring.jpa.open-in-view to disable this warning
2023-08-01 21:47:34,879 INFO o.a.c.h.Http11NioProtocol [main] Starting ProtocolHandler ["http-nio-8081"]
2023-08-01 21:47:34,926 INFO o.s.b.w.e.t.TomcatWebServer [main] Tomcat started on port(s): 8081 (http) with context path ''
2023-08-01 21:47:34,937 INFO i.b.RestApplication [main] Started RestApplication in 6.481 seconds (process running for 7.808)
2023-08-01 21:47:53,363 INFO o.s.o.j.LocalContainerEntityManagerFactoryBean [SpringApplicationShutdownHook] Closing JPA EntityManagerFactory for persistence unit 'default'
2023-08-01 21:47:53,365 INFO c.z.h.HikariDataSource [SpringApplicationShutdownHook] HikariPool-1 - Shutdown initiated...
2023-08-01 21:47:53,381 INFO c.z.h.HikariDataSource [SpringApplicationShutdownHook] HikariPool-1 - Shutdown completed.
2023-08-01 21:47:57,176 INFO o.h.v.i.u.Version [background-preinit] HV000001: Hibernate Validator 8.0.0.Final
2023-08-01 21:47:57,204 INFO i.b.RestApplication [main] Starting RestApplication using Java 17.0.6 with PID 17832 (E:\IT Bootcamp\Test project\Bootcamp\rest\target\classes started by yasus in E:\IT Bootcamp\Test project\Bootcamp)
2023-08-01 21:47:57,207 INFO i.b.RestApplication [main] No active profile set, falling back to 1 default profile: "default"
2023-08-01 21:47:57,913 INFO o.s.d.r.c.RepositoryConfigurationDelegate [main] Bootstrapping Spring Data JPA repositories in DEFAULT mode.
2023-08-01 21:47:57,981 INFO o.s.d.r.c.RepositoryConfigurationDelegate [main] Finished Spring Data repository scanning in 60 ms. Found 2 JPA repository interfaces.
2023-08-01 21:47:58,420 INFO o.s.b.w.e.t.TomcatWebServer [main] Tomcat initialized with port(s): 8081 (http)
2023-08-01 21:47:58,427 INFO o.a.c.h.Http11NioProtocol [main] Initializing ProtocolHandler ["http-nio-8081"]
2023-08-01 21:47:58,428 INFO o.a.c.c.StandardService [main] Starting service [Tomcat]
2023-08-01 21:47:58,429 INFO o.a.c.c.StandardEngine [main] Starting Servlet engine: [Apache Tomcat/10.1.8]
2023-08-01 21:47:58,545 INFO o.a.c.c.C.[.[.[/] [main] Initializing Spring embedded WebApplicationContext
2023-08-01 21:47:58,545 INFO o.s.b.w.s.c.ServletWebServerApplicationContext [main] Root WebApplicationContext: initialization completed in 1303 ms
2023-08-01 21:47:58,664 INFO c.z.h.HikariDataSource [main] HikariPool-1 - Starting...
2023-08-01 21:47:58,943 INFO c.z.h.p.HikariPool [main] HikariPool-1 - Added connection com.mysql.cj.jdbc.ConnectionImpl@5463f035
2023-08-01 21:47:58,945 INFO c.z.h.HikariDataSource [main] HikariPool-1 - Start completed.
2023-08-01 21:47:58,978 INFO o.h.j.i.u.LogHelper [main] HHH000204: Processing PersistenceUnitInfo [name: default]
2023-08-01 21:47:59,028 INFO o.h.Version [main] HHH000412: Hibernate ORM core version 6.1.7.Final
2023-08-01 21:47:59,337 INFO SQL dialect [main] HHH000400: Using dialect: org.hibernate.dialect.MySQLDialect
2023-08-01 21:47:59,970 INFO o.h.e.t.j.p.i.JtaPlatformInitiator [main] HHH000490: Using JtaPlatform implementation: [org.hibernate.engine.transaction.jta.platform.internal.NoJtaPlatform]
2023-08-01 21:47:59,978 INFO o.s.o.j.LocalContainerEntityManagerFactoryBean [main] Initialized JPA EntityManagerFactory for persistence unit 'default'
2023-08-01 21:48:00,175 WARN o.s.c.LocalVariableTableParameterNameDiscoverer [main] Using deprecated '-debug' fallback for parameter name resolution. Compile the affected code with '-parameters' instead or avoid its introspection: it.bootcamp.repository.UserRepository
2023-08-01 21:48:00,263 WARN o.s.c.LocalVariableTableParameterNameDiscoverer [main] Using deprecated '-debug' fallback for parameter name resolution. Compile the affected code with '-parameters' instead or avoid its introspection: it.bootcamp.repository.RoleRepository
2023-08-01 21:48:00,381 WARN o.s.b.a.o.j.JpaBaseConfiguration$JpaWebConfiguration [main] spring.jpa.open-in-view is enabled by default. Therefore, database queries may be performed during view rendering. Explicitly configure spring.jpa.open-in-view to disable this warning
2023-08-01 21:48:00,781 INFO o.a.c.h.Http11NioProtocol [main] Starting ProtocolHandler ["http-nio-8081"]
2023-08-01 21:48:00,800 INFO o.s.b.w.e.t.TomcatWebServer [main] Tomcat started on port(s): 8081 (http) with context path ''
2023-08-01 21:48:00,810 INFO i.b.RestApplication [main] Started RestApplication in 3.978 seconds (process running for 5.374)
2023-08-01 21:48:08,874 INFO o.a.c.c.C.[.[.[/] [http-nio-8081-exec-1] Initializing Spring DispatcherServlet 'dispatcherServlet'
2023-08-01 21:48:08,874 INFO o.s.w.s.DispatcherServlet [http-nio-8081-exec-1] Initializing Servlet 'dispatcherServlet'
2023-08-01 21:48:08,875 INFO o.s.w.s.DispatcherServlet [http-nio-8081-exec-1] Completed initialization in 1 ms
2023-08-01 21:48:22,945 INFO i.b.c.UserController [http-nio-8081-exec-3] Список пользователей в базе данных пуст
2023-08-01 21:49:06,659 WARN o.s.c.LocalVariableTableParameterNameDiscoverer [http-nio-8081-exec-3] Using deprecated '-debug' fallback for parameter name resolution. Compile the affected code with '-parameters' instead or avoid its introspection: it.bootcamp.controller.UserController
2023-08-01 21:49:06,804 INFO o.s.a.AbstractOpenApiResource [http-nio-8081-exec-3] Init duration for springdoc-openapi is: 225 ms
2023-08-01 21:49:56,389 INFO i.b.c.UserController [http-nio-8081-exec-4] new user for adding in database UserResponse(firstName=BITraOPTtNsoZursdakB, lastName=OdRDSbgvWyyWsnOhKvNXuewlWmHzTmpuZLBzKtJf, middleName=uvUWtEzXlaRLszmQYAlQ, email=tt@gmail.com, role=Administrator) 
2023-08-01 21:49:56,390 INFO i.b.c.UserController [http-nio-8081-exec-4] find user by email user null 
2023-08-01 21:49:56,516 INFO i.b.c.UserController [http-nio-8081-exec-4] new user UserResponse(firstName=BITraOPTtNsoZursdakB, lastName=OdRDSbgvWyyWsnOhKvNXuewlWmHzTmpuZLBzKtJf, middleName=uvUWtEzXlaRLszmQYAlQ, email=tt@gmail.com, role=Administrator) saved in DB
2023-08-01 21:50:10,754 INFO i.b.c.UserController [http-nio-8081-exec-10] Список пользователей в базе данных пуст
2023-08-01 21:50:28,279 INFO i.b.c.UserController [http-nio-8081-exec-5] Номер страницы больше общего количества (1)
2023-08-01 21:50:43,597 INFO o.s.o.j.LocalContainerEntityManagerFactoryBean [SpringApplicationShutdownHook] Closing JPA EntityManagerFactory for persistence unit 'default'
2023-08-01 21:50:43,603 INFO c.z.h.HikariDataSource [SpringApplicationShutdownHook] HikariPool-1 - Shutdown initiated...
2023-08-01 21:50:43,618 INFO c.z.h.HikariDataSource [SpringApplicationShutdownHook] HikariPool-1 - Shutdown completed.
